<?xml version="1.0" encoding="UTF-8"?>
<testng-results ignored="0" total="1" passed="1" failed="0" skipped="0">
  <reporter-output>
  </reporter-output>
  <suite started-at="2021-07-08T08:51:02 IST" name="Suite" finished-at="2021-07-08T08:51:16 IST" duration-ms="13942">
    <groups>
    </groups>
    <test started-at="2021-07-08T08:51:02 IST" name="Test" finished-at="2021-07-08T08:51:16 IST" duration-ms="13942">
      <class name="A_A_A_A_A_A_A_A_A_A_jenkin.jenkins_integration">
        <test-method is-config="true" signature="initi()[pri:0, instance:A_A_A_A_A_A_A_A_A_A_jenkin.jenkins_integration@55b0dcab]" started-at="2021-07-08T08:51:02 IST" name="initi" finished-at="2021-07-08T08:51:10 IST" duration-ms="7886" status="PASS">
          <reporter-output>
          </reporter-output>
        </test-method> <!-- initi -->
        <test-method signature="login()[pri:0, instance:A_A_A_A_A_A_A_A_A_A_jenkin.jenkins_integration@55b0dcab]" started-at="2021-07-08T08:51:10 IST" name="login" finished-at="2021-07-08T08:51:16 IST" duration-ms="5871" status="PASS">
          <reporter-output>
          </reporter-output>
        </test-method> <!-- login -->
        <test-method is-config="true" signature="close()[pri:0, instance:A_A_A_A_A_A_A_A_A_A_jenkin.jenkins_integration@55b0dcab]" started-at="2021-07-08T08:51:16 IST" name="close" finished-at="2021-07-08T08:51:16 IST" duration-ms="103" status="PASS">
          <reporter-output>
          </reporter-output>
        </test-method> <!-- close -->
      </class> <!-- A_A_A_A_A_A_A_A_A_A_jenkin.jenkins_integration -->
    </test> <!-- Test -->
  </suite> <!-- Suite -->
</testng-results>
