<?xml version="1.0" encoding="UTF-8"?>
<testng-results ignored="0" total="1" passed="1" failed="0" skipped="0">
  <reporter-output>
  </reporter-output>
  <suite started-at="2021-07-08T08:43:06 IST" name="Default suite" finished-at="2021-07-08T08:43:24 IST" duration-ms="18447">
    <groups>
    </groups>
    <test started-at="2021-07-08T08:43:06 IST" name="Default test" finished-at="2021-07-08T08:43:24 IST" duration-ms="18447">
      <class name="A_A_A_A_A_A_A_A_A_A_jenkin.jenkins_integration">
        <test-method is-config="true" signature="initi()[pri:0, instance:A_A_A_A_A_A_A_A_A_A_jenkin.jenkins_integration@2053d869]" started-at="2021-07-08T08:43:06 IST" name="initi" finished-at="2021-07-08T08:43:17 IST" duration-ms="11611" status="PASS">
          <reporter-output>
          </reporter-output>
        </test-method> <!-- initi -->
        <test-method signature="login()[pri:0, instance:A_A_A_A_A_A_A_A_A_A_jenkin.jenkins_integration@2053d869]" started-at="2021-07-08T08:43:17 IST" name="login" finished-at="2021-07-08T08:43:24 IST" duration-ms="6527" status="PASS">
          <reporter-output>
          </reporter-output>
        </test-method> <!-- login -->
        <test-method is-config="true" signature="close()[pri:0, instance:A_A_A_A_A_A_A_A_A_A_jenkin.jenkins_integration@2053d869]" started-at="2021-07-08T08:43:24 IST" name="close" finished-at="2021-07-08T08:43:24 IST" duration-ms="240" status="PASS">
          <reporter-output>
          </reporter-output>
        </test-method> <!-- close -->
      </class> <!-- A_A_A_A_A_A_A_A_A_A_jenkin.jenkins_integration -->
    </test> <!-- Default test -->
  </suite> <!-- Default suite -->
</testng-results>
